<?xml version="1.0" encoding="UTF-8"?>
<!-- Generated by org.testng.reporters.JUnitReportReporter -->
<testsuite hostname="Eds-MacBook-Pro.local" name="common.McmTest" tests="1" failures="0" timestamp="3 Aug 2015 13:45:47 GMT" time="148.210" errors="0">
  <testcase name="testStuff" time="148.210" classname="common.McmTest"/>
</testsuite> <!-- common.McmTest -->
